20:00:12 **** Incremental Build of configuration Debug for project Midterm ****
make all 
make: Nothing to be done for `all'.
20:00:32 **** Incremental Build of configuration Debug for project Midterm ****
make all 
make: Nothing to be done for `all'.
20:00:54 **** Incremental Build of configuration Debug for project Midterm ****
make all 
Building target: Midterm
Invoking: Cross GCC Linker
gcc  -o "Midterm"  ./src/Midterm.o   
Finished building target: Midterm
 
20:01:24 **** Incremental Build of configuration Debug for project Midterm ****
make all 
Building file: ../src/Midterm.c
Invoking: Cross GCC Compiler
gcc -O0 -g3 -Wall -c -fmessage-length=0 -MMD -MP -MF"src/Midterm.d" -MT"src/Midterm.d" -o "src/Midterm.o" "../src/Midterm.c"
Finished building: ../src/Midterm.c
 
Building target: Midterm
Invoking: Cross GCC Linker
gcc  -o "Midterm"  ./src/Midterm.o   
Finished building target: Midterm
 
20:01:26 **** Incremental Build of configuration Debug for project Midterm ****
make all 
make: Nothing to be done for `all'.
20:09:08 **** Incremental Build of configuration Debug for project Midterm ****
make all 
Building file: ../src/Midterm.c
Invoking: Cross GCC Compiler
gcc -O0 -g3 -Wall -c -fmessage-length=0 -MMD -MP -MF"src/Midterm.d" -MT"src/Midterm.d" -o "src/Midterm.o" "../src/Midterm.c"
Finished building: ../src/Midterm.c
 
Building target: Midterm
Invoking: Cross GCC Linker
gcc  -o "Midterm"  ./src/Midterm.o   
Finished building target: Midterm
 
20:09:36 **** Incremental Build of configuration Debug for project Midterm ****
make all 
Building file: ../src/Midterm.c
Invoking: Cross GCC Compiler
gcc -O0 -g3 -Wall -c -fmessage-length=0 -MMD -MP -MF"src/Midterm.d" -MT"src/Midterm.d" -o "src/Midterm.o" "../src/Midterm.c"
Finished building: ../src/Midterm.c
 
Building target: Midterm
Invoking: Cross GCC Linker
gcc  -o "Midterm"  ./src/Midterm.o   
Finished building target: Midterm
 
20:09:38 **** Incremental Build of configuration Debug for project Midterm ****
make all 
make: Nothing to be done for `all'.
20:09:59 **** Incremental Build of configuration Debug for project Midterm ****
make all 
Building file: ../src/Midterm.c
Invoking: Cross GCC Compiler
gcc -O0 -g3 -Wall -c -fmessage-length=0 -MMD -MP -MF"src/Midterm.d" -MT"src/Midterm.d" -o "src/Midterm.o" "../src/Midterm.c"
Finished building: ../src/Midterm.c
 
Building target: Midterm
Invoking: Cross GCC Linker
gcc  -o "Midterm"  ./src/Midterm.o   
Finished building target: Midterm
 
20:10:01 **** Incremental Build of configuration Debug for project Midterm ****
make all 
make: Nothing to be done for `all'.
20:27:51 **** Incremental Build of configuration Debug for project Midterm ****
make all 
Building file: ../src/Midterm.c
Invoking: Cross GCC Compiler
gcc -O0 -g3 -Wall -c -fmessage-length=0 -MMD -MP -MF"src/Midterm.d" -MT"src/Midterm.d" -o "src/Midterm.o" "../src/Midterm.c"
../src/Midterm.c:42:4: warning: implicit declaration of function 'print' is invalid in C99 [-Wimplicit-function-declaration]
                        print("That is not a valid choice, please re-enter: ");
                        ^
1 warning generated.
Finished building: ../src/Midterm.c
 
Building target: Midterm
Invoking: Cross GCC Linker
gcc  -o "Midterm"  ./src/Midterm.o   
Undefined symbols for architecture x86_64:
  "_print", referenced from:
      _main in Midterm.o
ld: symbol(s) not found for architecture x86_64
clang: error: linker command failed with exit code 1 (use -v to see invocation)
make: *** [Midterm] Error 1
20:27:57 **** Incremental Build of configuration Debug for project Midterm ****
make all 
Building file: ../src/Midterm.c
Invoking: Cross GCC Compiler
gcc -O0 -g3 -Wall -c -fmessage-length=0 -MMD -MP -MF"src/Midterm.d" -MT"src/Midterm.d" -o "src/Midterm.o" "../src/Midterm.c"
Finished building: ../src/Midterm.c
 
Building target: Midterm
Invoking: Cross GCC Linker
gcc  -o "Midterm"  ./src/Midterm.o   
Finished building target: Midterm
 
20:28:00 **** Incremental Build of configuration Debug for project Midterm ****
make all 
make: Nothing to be done for `all'.
20:28:12 **** Incremental Build of configuration Debug for project Midterm ****
make all 
Building file: ../src/Midterm.c
Invoking: Cross GCC Compiler
gcc -O0 -g3 -Wall -c -fmessage-length=0 -MMD -MP -MF"src/Midterm.d" -MT"src/Midterm.d" -o "src/Midterm.o" "../src/Midterm.c"
Finished building: ../src/Midterm.c
 
Building target: Midterm
Invoking: Cross GCC Linker
gcc  -o "Midterm"  ./src/Midterm.o   
Finished building target: Midterm
 
20:28:58 **** Incremental Build of configuration Debug for project Midterm ****
make all 
make: Nothing to be done for `all'.
20:30:59 **** Incremental Build of configuration Debug for project Midterm ****
make all 
Building file: ../src/Midterm.c
Invoking: Cross GCC Compiler
gcc -O0 -g3 -Wall -c -fmessage-length=0 -MMD -MP -MF"src/Midterm.d" -MT"src/Midterm.d" -o "src/Midterm.o" "../src/Midterm.c"
Finished building: ../src/Midterm.c
 
Building target: Midterm
Invoking: Cross GCC Linker
gcc  -o "Midterm"  ./src/Midterm.o   
Finished building target: Midterm
 
20:31:01 **** Incremental Build of configuration Debug for project Midterm ****
make all 
make: Nothing to be done for `all'.
20:35:12 **** Incremental Build of configuration Debug for project Midterm ****
make all 
Building file: ../src/Midterm.c
Invoking: Cross GCC Compiler
gcc -O0 -g3 -Wall -c -fmessage-length=0 -MMD -MP -MF"src/Midterm.d" -MT"src/Midterm.d" -o "src/Midterm.o" "../src/Midterm.c"
Finished building: ../src/Midterm.c
 
Building target: Midterm
Invoking: Cross GCC Linker
gcc  -o "Midterm"  ./src/Midterm.o   
Finished building target: Midterm
 
20:35:14 **** Incremental Build of configuration Debug for project Midterm ****
make all 
make: Nothing to be done for `all'.
20:38:11 **** Incremental Build of configuration Debug for project Midterm ****
make all 
Building file: ../src/Midterm.c
Invoking: Cross GCC Compiler
gcc -O0 -g3 -Wall -c -fmessage-length=0 -MMD -MP -MF"src/Midterm.d" -MT"src/Midterm.d" -o "src/Midterm.o" "../src/Midterm.c"
../src/Midterm.c:46:9: error: use of undeclared identifier 'response'
        while (response != '5');
               ^
1 error generated.
make: *** [src/Midterm.o] Error 1
20:38:56 **** Incremental Build of configuration Debug for project Midterm ****
make all 
Building file: ../src/Midterm.c
Invoking: Cross GCC Compiler
gcc -O0 -g3 -Wall -c -fmessage-length=0 -MMD -MP -MF"src/Midterm.d" -MT"src/Midterm.d" -o "src/Midterm.o" "../src/Midterm.c"
Finished building: ../src/Midterm.c
 
Building target: Midterm
Invoking: Cross GCC Linker
gcc  -o "Midterm"  ./src/Midterm.o   
Finished building target: Midterm
 
20:39:01 **** Incremental Build of configuration Debug for project Midterm ****
make all 
Building file: ../src/Midterm.c
Invoking: Cross GCC Compiler
gcc -O0 -g3 -Wall -c -fmessage-length=0 -MMD -MP -MF"src/Midterm.d" -MT"src/Midterm.d" -o "src/Midterm.o" "../src/Midterm.c"
Finished building: ../src/Midterm.c
 
Building target: Midterm
Invoking: Cross GCC Linker
gcc  -o "Midterm"  ./src/Midterm.o   
Finished building target: Midterm
 
20:39:12 **** Incremental Build of configuration Debug for project Midterm ****
make all 
make: Nothing to be done for `all'.
20:51:07 **** Incremental Build of configuration Debug for project Midterm ****
make all 
Building file: ../src/Midterm.c
Invoking: Cross GCC Compiler
gcc -O0 -g3 -Wall -c -fmessage-length=0 -MMD -MP -MF"src/Midterm.d" -MT"src/Midterm.d" -o "src/Midterm.o" "../src/Midterm.c"
Finished building: ../src/Midterm.c
 
Building target: Midterm
Invoking: Cross GCC Linker
gcc  -o "Midterm"  ./src/Midterm.o   
Finished building target: Midterm
 
20:51:09 **** Incremental Build of configuration Debug for project Midterm ****
make all 
make: Nothing to be done for `all'.
20:53:44 **** Incremental Build of configuration Debug for project Midterm ****
make all 
Building file: ../src/Midterm.c
Invoking: Cross GCC Compiler
gcc -O0 -g3 -Wall -c -fmessage-length=0 -MMD -MP -MF"src/Midterm.d" -MT"src/Midterm.d" -o "src/Midterm.o" "../src/Midterm.c"
Finished building: ../src/Midterm.c
 
Building target: Midterm
Invoking: Cross GCC Linker
gcc  -o "Midterm"  ./src/Midterm.o   
Finished building target: Midterm
 
20:53:46 **** Incremental Build of configuration Debug for project Midterm ****
make all 
make: Nothing to be done for `all'.
20:57:36 **** Incremental Build of configuration Debug for project Midterm ****
make all 
Building file: ../src/Midterm.c
Invoking: Cross GCC Compiler
gcc -O0 -g3 -Wall -c -fmessage-length=0 -MMD -MP -MF"src/Midterm.d" -MT"src/Midterm.d" -o "src/Midterm.o" "../src/Midterm.c"
../src/Midterm.c:18:9: warning: variable 'response' is uninitialized when used here [-Wuninitialized]
        while (response != '5')
               ^~~~~~~~
../src/Midterm.c:16:15: note: initialize the variable 'response' to silence this warning
        char response;
                     ^
                      = '\0'
1 warning generated.
Finished building: ../src/Midterm.c
 
Building target: Midterm
Invoking: Cross GCC Linker
gcc  -o "Midterm"  ./src/Midterm.o   
Finished building target: Midterm
 
20:57:39 **** Incremental Build of configuration Debug for project Midterm ****
make all 
make: Nothing to be done for `all'.
21:03:40 **** Incremental Build of configuration Debug for project Midterm ****
make all 
make: Nothing to be done for `all'.
21:03:45 **** Incremental Build of configuration Debug for project Midterm ****
make all 
Building file: ../src/Midterm.c
Invoking: Cross GCC Compiler
gcc -O0 -g3 -Wall -c -fmessage-length=0 -MMD -MP -MF"src/Midterm.d" -MT"src/Midterm.d" -o "src/Midterm.o" "../src/Midterm.c"
../src/Midterm.c:30:9: warning: variable 'response' is uninitialized when used here [-Wuninitialized]
        while (response != '5');
               ^~~~~~~~
../src/Midterm.c:16:15: note: initialize the variable 'response' to silence this warning
        char response;
                     ^
                      = '\0'
1 warning generated.
Finished building: ../src/Midterm.c
 
Building target: Midterm
Invoking: Cross GCC Linker
gcc  -o "Midterm"  ./src/Midterm.o   
Finished building target: Midterm
 
21:03:49 **** Incremental Build of configuration Debug for project Midterm ****
make all 
make: Nothing to be done for `all'.
21:04:07 **** Incremental Build of configuration Debug for project Midterm ****
make all 
make: Nothing to be done for `all'.
21:06:41 **** Incremental Build of configuration Debug for project Midterm ****
make all 
make: Nothing to be done for `all'.
21:06:43 **** Incremental Build of configuration Debug for project Midterm ****
make all 
Building file: ../src/Midterm.c
Invoking: Cross GCC Compiler
gcc -O0 -g3 -Wall -c -fmessage-length=0 -MMD -MP -MF"src/Midterm.d" -MT"src/Midterm.d" -o "src/Midterm.o" "../src/Midterm.c"
Finished building: ../src/Midterm.c
 
Building target: Midterm
Invoking: Cross GCC Linker
gcc  -o "Midterm"  ./src/Midterm.o   
Finished building target: Midterm
 
21:07:48 **** Incremental Build of configuration Debug for project Midterm ****
make all 
make: Nothing to be done for `all'.
21:07:52 **** Incremental Build of configuration Debug for project Midterm ****
make all 
make: Nothing to be done for `all'.
20:16:49 **** Incremental Build of configuration Debug for project Midterm ****
make all 
Building file: ../src/Midterm.c
Invoking: Cross GCC Compiler
gcc -O0 -g3 -Wall -c -fmessage-length=0 -MMD -MP -MF"src/Midterm.d" -MT"src/Midterm.d" -o "src/Midterm.o" "../src/Midterm.c"
Finished building: ../src/Midterm.c
 
Building target: Midterm
Invoking: Cross GCC Linker
gcc  -o "Midterm"  ./src/Midterm.o   
Finished building target: Midterm
 
20:16:53 **** Incremental Build of configuration Debug for project Midterm ****
make all 
make: Nothing to be done for `all'.
20:29:30 **** Incremental Build of configuration Debug for project Midterm ****
make all 
Building file: ../src/Midterm.c
Invoking: Cross GCC Compiler
gcc -O0 -g3 -Wall -c -fmessage-length=0 -MMD -MP -MF"src/Midterm.d" -MT"src/Midterm.d" -o "src/Midterm.o" "../src/Midterm.c"
Finished building: ../src/Midterm.c
 
Building target: Midterm
Invoking: Cross GCC Linker
gcc  -o "Midterm"  ./src/Midterm.o   
Finished building target: Midterm
 
20:39:51 **** Incremental Build of configuration Debug for project Midterm ****
make all 
Building file: ../src/Midterm.c
Invoking: Cross GCC Compiler
gcc -O0 -g3 -Wall -c -fmessage-length=0 -MMD -MP -MF"src/Midterm.d" -MT"src/Midterm.d" -o "src/Midterm.o" "../src/Midterm.c"
../src/Midterm.c:38:2: warning: implicit declaration of function 'DisplayMenu' is invalid in C99 [-Wimplicit-function-declaration]
        DisplayMenu();
        ^
1 warning generated.
Finished building: ../src/Midterm.c
 
Building target: Midterm
Invoking: Cross GCC Linker
gcc  -o "Midterm"  ./src/Midterm.o   
Undefined symbols for architecture x86_64:
  "_DisplayMenu", referenced from:
      _main in Midterm.o
ld: symbol(s) not found for architecture x86_64
clang: error: linker command failed with exit code 1 (use -v to see invocation)
make: *** [Midterm] Error 1
20:40:22 **** Incremental Build of configuration Debug for project Midterm ****
make all 
Building file: ../src/Midterm.c
Invoking: Cross GCC Compiler
gcc -O0 -g3 -Wall -c -fmessage-length=0 -MMD -MP -MF"src/Midterm.d" -MT"src/Midterm.d" -o "src/Midterm.o" "../src/Midterm.c"
Finished building: ../src/Midterm.c
 
Building target: Midterm
Invoking: Cross GCC Linker
gcc  -o "Midterm"  ./src/Midterm.o   
Finished building target: Midterm
 
20:54:52 **** Incremental Build of configuration Debug for project Midterm ****
make all 
Building file: ../src/Midterm.c
Invoking: Cross GCC Compiler
gcc -O0 -g3 -Wall -c -fmessage-length=0 -MMD -MP -MF"src/Midterm.d" -MT"src/Midterm.d" -o "src/Midterm.o" "../src/Midterm.c"
../src/Midterm.c:23:1: warning: control reaches end of non-void function [-Wreturn-type]
}
^
1 warning generated.
Finished building: ../src/Midterm.c
 
Building target: Midterm
Invoking: Cross GCC Linker
gcc  -o "Midterm"  ./src/Midterm.o   
Finished building target: Midterm
 
20:58:25 **** Incremental Build of configuration Debug for project Midterm ****
make all 
Building file: ../src/Midterm.c
Invoking: Cross GCC Compiler
gcc -O0 -g3 -Wall -c -fmessage-length=0 -MMD -MP -MF"src/Midterm.d" -MT"src/Midterm.d" -o "src/Midterm.o" "../src/Midterm.c"
../src/Midterm.c:23:1: warning: control reaches end of non-void function [-Wreturn-type]
}
^
1 warning generated.
Finished building: ../src/Midterm.c
 
Building target: Midterm
Invoking: Cross GCC Linker
gcc  -o "Midterm"  ./src/Midterm.o   
Finished building target: Midterm
 
20:58:27 **** Incremental Build of configuration Debug for project Midterm ****
make all 
make: Nothing to be done for `all'.
21:15:27 **** Incremental Build of configuration Debug for project Midterm ****
make all 
make: Nothing to be done for `all'.
21:15:32 **** Incremental Build of configuration Debug for project Midterm ****
make all 
Building file: ../src/Midterm.c
Invoking: Cross GCC Compiler
gcc -O0 -g3 -Wall -c -fmessage-length=0 -MMD -MP -MF"src/Midterm.d" -MT"src/Midterm.d" -o "src/Midterm.o" "../src/Midterm.c"
../src/Midterm.c:60:15: error: expression is not assignable
        if (!response=5)
            ~~~~~~~~~^
1 error generated.
make: *** [src/Midterm.o] Error 1
21:15:47 **** Incremental Build of configuration Debug for project Midterm ****
make all 
Building file: ../src/Midterm.c
Invoking: Cross GCC Compiler
gcc -O0 -g3 -Wall -c -fmessage-length=0 -MMD -MP -MF"src/Midterm.d" -MT"src/Midterm.d" -o "src/Midterm.o" "../src/Midterm.c"
Finished building: ../src/Midterm.c
 
Building target: Midterm
Invoking: Cross GCC Linker
gcc  -o "Midterm"  ./src/Midterm.o   
Finished building target: Midterm
 
21:22:49 **** Incremental Build of configuration Debug for project Midterm ****
make all 
Building file: ../src/Midterm.c
Invoking: Cross GCC Compiler
gcc -O0 -g3 -Wall -c -fmessage-length=0 -MMD -MP -MF"src/Midterm.d" -MT"src/Midterm.d" -o "src/Midterm.o" "../src/Midterm.c"
../src/Midterm.c:66:3: error: 'break' statement not in loop or switch statement
                break;
                ^
1 error generated.
make: *** [src/Midterm.o] Error 1
21:23:01 **** Incremental Build of configuration Debug for project Midterm ****
make all 
Building file: ../src/Midterm.c
Invoking: Cross GCC Compiler
gcc -O0 -g3 -Wall -c -fmessage-length=0 -MMD -MP -MF"src/Midterm.d" -MT"src/Midterm.d" -o "src/Midterm.o" "../src/Midterm.c"
Finished building: ../src/Midterm.c
 
Building target: Midterm
Invoking: Cross GCC Linker
gcc  -o "Midterm"  ./src/Midterm.o   
Finished building target: Midterm
 
21:24:32 **** Incremental Build of configuration Debug for project Midterm ****
make all 
Building file: ../src/Midterm.c
Invoking: Cross GCC Compiler
gcc -O0 -g3 -Wall -c -fmessage-length=0 -MMD -MP -MF"src/Midterm.d" -MT"src/Midterm.d" -o "src/Midterm.o" "../src/Midterm.c"
Finished building: ../src/Midterm.c
 
Building target: Midterm
Invoking: Cross GCC Linker
gcc  -o "Midterm"  ./src/Midterm.o   
Finished building target: Midterm
 
21:24:33 **** Incremental Build of configuration Debug for project Midterm ****
make all 
make: Nothing to be done for `all'.
21:24:35 **** Incremental Build of configuration Debug for project Midterm ****
make all 
make: Nothing to be done for `all'.
21:27:36 **** Incremental Build of configuration Debug for project Midterm ****
make all 
Building file: ../src/Midterm.c
Invoking: Cross GCC Compiler
gcc -O0 -g3 -Wall -c -fmessage-length=0 -MMD -MP -MF"src/Midterm.d" -MT"src/Midterm.d" -o "src/Midterm.o" "../src/Midterm.c"
Finished building: ../src/Midterm.c
 
Building target: Midterm
Invoking: Cross GCC Linker
gcc  -o "Midterm"  ./src/Midterm.o   
Finished building target: Midterm
 
21:56:12 **** Incremental Build of configuration Debug for project Midterm ****
make all 
Building file: ../src/Midterm.c
Invoking: Cross GCC Compiler
gcc -O0 -g3 -Wall -c -fmessage-length=0 -MMD -MP -MF"src/Midterm.d" -MT"src/Midterm.d" -o "src/Midterm.o" "../src/Midterm.c"
Finished building: ../src/Midterm.c
 
Building target: Midterm
Invoking: Cross GCC Linker
gcc  -o "Midterm"  ./src/Midterm.o   
Finished building target: Midterm
 
21:56:14 **** Incremental Build of configuration Debug for project Midterm ****
make all 
make: Nothing to be done for `all'.
21:56:24 **** Incremental Build of configuration Debug for project Midterm ****
make all 
Building file: ../src/Midterm.c
Invoking: Cross GCC Compiler
gcc -O0 -g3 -Wall -c -fmessage-length=0 -MMD -MP -MF"src/Midterm.d" -MT"src/Midterm.d" -o "src/Midterm.o" "../src/Midterm.c"
Finished building: ../src/Midterm.c
 
Building target: Midterm
Invoking: Cross GCC Linker
gcc  -o "Midterm"  ./src/Midterm.o   
Finished building target: Midterm
 
21:56:26 **** Incremental Build of configuration Debug for project Midterm ****
make all 
make: Nothing to be done for `all'.
06:53:50 **** Incremental Build of configuration Debug for project Midterm ****
make all 
Building file: ../src/Midterm.c
Invoking: Cross GCC Compiler
gcc -O0 -g3 -Wall -c -fmessage-length=0 -MMD -MP -MF"src/Midterm.d" -MT"src/Midterm.d" -o "src/Midterm.o" "../src/Midterm.c"
Finished building: ../src/Midterm.c
 
Building target: Midterm
Invoking: Cross GCC Linker
gcc  -o "Midterm"  ./src/Midterm.o   
Finished building target: Midterm
 
06:53:54 **** Incremental Build of configuration Debug for project Midterm ****
make all 
make: Nothing to be done for `all'.
06:54:33 **** Incremental Build of configuration Debug for project Midterm ****
make all 
Building file: ../src/Midterm.c
Invoking: Cross GCC Compiler
gcc -O0 -g3 -Wall -c -fmessage-length=0 -MMD -MP -MF"src/Midterm.d" -MT"src/Midterm.d" -o "src/Midterm.o" "../src/Midterm.c"
Finished building: ../src/Midterm.c
 
Building target: Midterm
Invoking: Cross GCC Linker
gcc  -o "Midterm"  ./src/Midterm.o   
Finished building target: Midterm
 
06:54:35 **** Incremental Build of configuration Debug for project Midterm ****
make all 
make: Nothing to be done for `all'.
07:06:44 **** Incremental Build of configuration Debug for project Midterm ****
make all 
Building file: ../src/Midterm.c
Invoking: Cross GCC Compiler
gcc -O0 -g3 -Wall -c -fmessage-length=0 -MMD -MP -MF"src/Midterm.d" -MT"src/Midterm.d" -o "src/Midterm.o" "../src/Midterm.c"
Finished building: ../src/Midterm.c
 
Building target: Midterm
Invoking: Cross GCC Linker
gcc  -o "Midterm"  ./src/Midterm.o   
Finished building target: Midterm
 
07:06:52 **** Incremental Build of configuration Debug for project Midterm ****
make all 
make: Nothing to be done for `all'.
07:11:08 **** Incremental Build of configuration Debug for project Midterm ****
make all 
Building file: ../src/Midterm.c
Invoking: Cross GCC Compiler
gcc -O0 -g3 -Wall -c -fmessage-length=0 -MMD -MP -MF"src/Midterm.d" -MT"src/Midterm.d" -o "src/Midterm.o" "../src/Midterm.c"
Finished building: ../src/Midterm.c
 
Building target: Midterm
Invoking: Cross GCC Linker
gcc  -o "Midterm"  ./src/Midterm.o   
Finished building target: Midterm
 
07:11:11 **** Incremental Build of configuration Debug for project Midterm ****
make all 
make: Nothing to be done for `all'.
07:11:50 **** Incremental Build of configuration Debug for project Midterm ****
make all 
make: Nothing to be done for `all'.
07:17:56 **** Incremental Build of configuration Debug for project Midterm ****
make all 
Building file: ../src/Midterm.c
Invoking: Cross GCC Compiler
gcc -O0 -g3 -Wall -c -fmessage-length=0 -MMD -MP -MF"src/Midterm.d" -MT"src/Midterm.d" -o "src/Midterm.o" "../src/Midterm.c"
Finished building: ../src/Midterm.c
 
Building target: Midterm
Invoking: Cross GCC Linker
gcc  -o "Midterm"  ./src/Midterm.o   
Finished building target: Midterm
 
07:19:15 **** Incremental Build of configuration Debug for project Midterm ****
make all 
Building file: ../src/Midterm.c
Invoking: Cross GCC Compiler
gcc -O0 -g3 -Wall -c -fmessage-length=0 -MMD -MP -MF"src/Midterm.d" -MT"src/Midterm.d" -o "src/Midterm.o" "../src/Midterm.c"
Finished building: ../src/Midterm.c
 
Building target: Midterm
Invoking: Cross GCC Linker
gcc  -o "Midterm"  ./src/Midterm.o   
Finished building target: Midterm
 
07:19:27 **** Incremental Build of configuration Debug for project Midterm ****
make all 
make: Nothing to be done for `all'.
07:34:22 **** Incremental Build of configuration Debug for project Midterm ****
make all 
Building file: ../src/Midterm.c
Invoking: Cross GCC Compiler
gcc -O0 -g3 -Wall -c -fmessage-length=0 -MMD -MP -MF"src/Midterm.d" -MT"src/Midterm.d" -o "src/Midterm.o" "../src/Midterm.c"
Finished building: ../src/Midterm.c
 
Building target: Midterm
Invoking: Cross GCC Linker
gcc  -o "Midterm"  ./src/Midterm.o   
Finished building target: Midterm
 
07:34:24 **** Incremental Build of configuration Debug for project Midterm ****
make all 
make: Nothing to be done for `all'.
16:00:34 **** Build of configuration Debug for project FinalProject ****
make all 
Building file: ../src/FinalProject.c
Invoking: Cross GCC Compiler
gcc -O0 -g3 -Wall -c -fmessage-length=0 -MMD -MP -MF"src/FinalProject.d" -MT"src/FinalProject.d" -o "src/FinalProject.o" "../src/FinalProject.c"
Finished building: ../src/FinalProject.c
 
Building target: FinalProject
Invoking: Cross GCC Linker
gcc  -o "FinalProject"  ./src/FinalProject.o   
Finished building target: FinalProject
 
16:00:40 **** Incremental Build of configuration Debug for project FinalProject ****
make all 
make: Nothing to be done for `all'.
16:01:14 **** Incremental Build of configuration Debug for project FinalProject ****
make all 
Building file: ../src/FinalProject.c
Invoking: Cross GCC Compiler
gcc -O0 -g3 -Wall -c -fmessage-length=0 -MMD -MP -MF"src/FinalProject.d" -MT"src/FinalProject.d" -o "src/FinalProject.o" "../src/FinalProject.c"
Finished building: ../src/FinalProject.c
 
Building target: FinalProject
Invoking: Cross GCC Linker
gcc  -o "FinalProject"  ./src/FinalProject.o   
Finished building target: FinalProject
 
